scan-1.6.0/android/build/intermediates/manifest_merge_blame_file/release/manifest-merger-blame-release-report.txt
1<?xml version="1.0" encoding="utf-8"?>
2<manifest xmlns:android="http://schemas.android.com/apk/res/android"
3    xmlns:tools="http://schemas.android.com/tools"
4    package="com.chavesgu.scan" >
5
6    <uses-sdk
6-->src/main/AndroidManifest.xml:7:5-73
7        android:minSdkVersion="19"
7-->src/main/AndroidManifest.xml:7:5-73
8        android:targetSdkVersion="19"
8-->src/main/AndroidManifest.xml:7:5-73
9        tools:overrideLibrary="com.google.zxing.client.android" />
9-->src/main/AndroidManifest.xml:7:15-70
10
11    <uses-permission android:name="android.permission.CAMERA" />
11-->src/main/AndroidManifest.xml:5:5-65
11-->src/main/AndroidManifest.xml:5:22-62
12    <uses-permission android:name="android.permission.VIBRATE" />
12-->src/main/AndroidManifest.xml:6:5-65
12-->src/main/AndroidManifest.xml:6:22-63
13
14</manifest>